TN:
SF:src/app.ts
FN:23,tokenEquals
FN:29,ensureUploadToken
FN:38,createApp
FN:41,bearer
FN:215,getTokenCookie
FNF:5
FNH:5
FNDA:7,tokenEquals
FNDA:3,ensureUploadToken
FNDA:3,createApp
FNDA:7,bearer
FNDA:1,getTokenCookie
DA:1,1
DA:2,1
DA:3,1
DA:4,1
DA:5,1
DA:7,1
DA:8,1
DA:9,1
DA:20,1
DA:21,1
DA:23,7
DA:24,7
DA:25,7
DA:26,7
DA:27,7
DA:29,3
DA:30,3
DA:31,2
DA:32,3
DA:33,1
DA:34,1
DA:35,1
DA:36,1
DA:38,1
DA:39,3
DA:41,3
DA:42,7
DA:43,7
DA:44,7
DA:47,3
DA:48,17
DA:49,3
DA:50,17
DA:51,2
DA:52,2
DA:53,2
DA:54,1
DA:55,1
DA:56,17
DA:57,1
DA:58,1
DA:60,1
DA:61,1
DA:62,1
DA:63,1
DA:64,1
DA:65,1
DA:66,1
DA:67,3
DA:69,3
DA:71,3
DA:72,5
DA:73,5
DA:74,1
DA:75,1
DA:76,5
DA:77,5
DA:78,1
DA:79,1
DA:80,1
DA:81,1
DA:82,1
DA:83,5
DA:84,5
DA:85,5
DA:86,5
DA:88,5
DA:89,5
DA:90,0
DA:91,0
DA:92,0
DA:93,0
DA:94,0
DA:95,5
DA:96,0
DA:97,0
DA:99,3
DA:100,3
DA:101,3
DA:102,5
DA:103,5
DA:104,5
DA:105,5
DA:106,5
DA:107,5
DA:108,5
DA:109,5
DA:110,5
DA:111,5
DA:112,5
DA:113,5
DA:114,5
DA:115,5
DA:116,2
DA:117,2
DA:118,2
DA:119,2
DA:120,2
DA:121,2
DA:122,2
DA:123,2
DA:124,2
DA:125,5
DA:126,1
DA:127,1
DA:128,1
DA:129,0
DA:130,0
DA:131,3
DA:133,3
DA:135,3
DA:137,3
DA:138,2
DA:139,2
DA:140,2
DA:141,1
DA:142,2
DA:143,2
DA:144,2
DA:145,2
DA:146,2
DA:147,1
DA:148,3
DA:150,3
DA:151,2
DA:152,2
DA:153,2
DA:154,2
DA:155,1
DA:156,1
DA:157,1
DA:158,1
DA:159,1
DA:160,1
DA:161,1
DA:162,1
DA:163,1
DA:164,1
DA:165,1
DA:166,1
DA:167,1
DA:168,1
DA:169,1
DA:170,1
DA:171,1
DA:172,1
DA:173,1
DA:174,1
DA:175,1
DA:176,1
DA:177,1
DA:178,1
DA:179,1
DA:180,1
DA:181,1
DA:182,1
DA:183,3
DA:185,3
DA:186,1
DA:187,1
DA:188,1
DA:189,1
DA:190,1
DA:191,1
DA:192,1
DA:193,1
DA:194,1
DA:195,3
DA:198,3
DA:199,3
DA:200,2
DA:201,2
DA:202,2
DA:203,3
DA:204,1
DA:205,1
DA:206,1
DA:207,1
DA:208,1
DA:209,1
DA:210,1
DA:212,3
DA:213,3
DA:215,1
DA:216,1
DA:217,1
DA:218,1
LF:187
LH:178
BRDA:23,0,0,7
BRDA:26,1,0,5
BRDA:29,2,0,3
BRDA:30,3,0,1
BRDA:30,4,0,1
BRDA:30,5,0,2
BRDA:32,6,0,1
BRDA:38,7,0,3
BRDA:198,8,0,2
BRDA:199,9,0,2
BRDA:203,10,0,1
BRDA:41,11,0,7
BRDA:42,12,0,2
BRDA:43,13,0,5
BRDA:43,14,0,2
BRDA:47,15,0,17
BRDA:48,16,0,14
BRDA:48,17,0,3
BRDA:50,18,0,2
BRDA:50,19,0,1
BRDA:50,20,0,2
BRDA:53,21,0,1
BRDA:54,22,0,1
BRDA:56,23,0,1
BRDA:69,24,0,1
BRDA:71,25,0,5
BRDA:73,26,0,1
BRDA:75,27,0,4
BRDA:76,28,0,0
BRDA:77,29,0,1
BRDA:82,30,0,3
BRDA:83,31,0,1
BRDA:84,32,0,1
BRDA:86,33,0,0
BRDA:86,34,0,0
BRDA:86,35,0,3
BRDA:88,36,0,3
BRDA:89,37,0,0
BRDA:94,38,0,3
BRDA:95,39,0,0
BRDA:97,40,0,3
BRDA:102,41,0,0
BRDA:103,42,0,0
BRDA:115,43,0,2
BRDA:125,44,0,1
BRDA:128,45,0,0
BRDA:133,46,0,2
BRDA:137,47,0,2
BRDA:140,48,0,1
BRDA:146,49,0,1
BRDA:150,50,0,2
BRDA:152,51,0,0
BRDA:154,52,0,1
BRDA:157,53,0,1
BRDA:167,54,0,1
BRDA:175,55,0,1
BRDA:180,56,0,0
BRDA:185,57,0,1
BRDA:187,58,0,0
BRDA:191,59,0,0
BRDA:202,60,0,2
BRDA:204,61,0,1
BRDA:215,62,0,1
BRDA:217,63,0,0
BRF:64
BRH:51
end_of_record
TN:
SF:src/index.ts
FN:1,(empty-report)
FNF:1
FNH:0
FNDA:0,(empty-report)
DA:1,0
DA:2,0
DA:3,0
DA:5,0
DA:6,0
DA:7,0
DA:9,0
DA:10,0
DA:11,0
DA:12,0
DA:13,0
DA:15,0
DA:16,0
DA:18,0
DA:19,0
DA:20,0
DA:21,0
DA:22,0
DA:23,0
DA:24,0
DA:25,0
DA:26,0
DA:27,0
DA:29,0
DA:30,0
DA:31,0
DA:32,0
DA:33,0
DA:34,0
LF:29
LH:0
BRDA:1,0,0,0
BRF:1
BRH:0
end_of_record
TN:
SF:src/store.ts
FN:55,percentOf
FN:59,packReport
FN:63,unpackReport
FN:68,openStore
FNF:4
FNH:3
FNDA:28,percentOf
FNDA:6,packReport
FNDA:2,unpackReport
FNDA:0,openStore
DA:1,1
DA:55,1
DA:56,28
DA:57,28
DA:59,1
DA:60,6
DA:61,6
DA:63,1
DA:64,2
DA:65,2
DA:68,0
DA:69,0
DA:70,0
DA:71,0
DA:72,0
DA:73,0
DA:74,0
DA:75,0
DA:76,0
LF:19
LH:10
BRDA:55,0,0,28
BRDA:56,1,0,0
BRDA:59,2,0,6
BRDA:63,3,0,2
BRF:4
BRH:3
end_of_record
TN:
SF:src/store/postgres.ts
FN:1,(empty-report)
FNF:1
FNH:0
FNDA:0,(empty-report)
DA:1,0
DA:2,0
DA:12,0
DA:42,0
DA:43,0
DA:44,0
DA:45,0
DA:46,0
DA:47,0
DA:48,0
DA:49,0
DA:50,0
DA:51,0
DA:52,0
DA:53,0
DA:54,0
DA:55,0
DA:57,0
DA:58,0
DA:60,0
DA:61,0
DA:62,0
DA:63,0
DA:64,0
DA:66,0
DA:67,0
DA:69,0
DA:70,0
DA:71,0
DA:73,0
DA:74,0
DA:76,0
DA:77,0
DA:81,0
DA:82,0
DA:83,0
DA:84,0
DA:86,0
DA:87,0
DA:88,0
DA:89,0
DA:90,0
DA:91,0
DA:92,0
DA:94,0
DA:95,0
DA:97,0
DA:98,0
DA:99,0
DA:100,0
DA:102,0
DA:103,0
DA:105,0
DA:106,0
DA:107,0
DA:109,0
DA:110,0
DA:111,0
DA:113,0
DA:114,0
DA:116,0
DA:117,0
DA:119,0
DA:120,0
DA:121,0
DA:122,0
DA:124,0
DA:125,0
DA:126,0
DA:128,0
DA:129,0
DA:131,0
DA:132,0
DA:133,0
DA:135,0
DA:136,0
DA:137,0
DA:138,0
DA:139,0
DA:141,0
DA:142,0
DA:143,0
DA:145,0
DA:147,0
DA:148,0
DA:149,0
DA:150,0
LF:87
LH:0
BRDA:1,0,0,0
BRF:1
BRH:0
end_of_record
TN:
SF:src/store/sqlite.ts
FN:44,toRow
FN:62,<instance_members_initializer>
FN:65,SqliteStore
FN:72,recordUpload
FN:94,listRepos
FN:119,history
FN:129,recentUploads
FN:136,branches
FN:146,getUpload
FN:154,latest
FN:168,getMeta
FN:175,setMeta
FN:183,close
FNF:13
FNH:13
FNDA:21,toRow
FNDA:3,<instance_members_initializer>
FNDA:3,SqliteStore
FNDA:6,recordUpload
FNDA:3,listRepos
FNDA:2,history
FNDA:1,recentUploads
FNDA:3,branches
FNDA:3,getUpload
FNDA:3,latest
FNDA:4,getMeta
FNDA:3,setMeta
FNDA:2,close
DA:1,1
DA:2,1
DA:3,1
DA:4,1
DA:14,1
DA:44,21
DA:45,21
DA:46,21
DA:47,21
DA:48,21
DA:49,21
DA:50,21
DA:51,21
DA:52,21
DA:53,21
DA:54,21
DA:55,21
DA:56,21
DA:57,21
DA:59,1
DA:60,1
DA:62,1
DA:63,3
DA:65,3
DA:66,3
DA:67,3
DA:68,3
DA:69,3
DA:70,3
DA:72,3
DA:73,6
DA:74,6
DA:75,6
DA:77,6
DA:78,6
DA:79,6
DA:80,6
DA:81,6
DA:82,6
DA:83,6
DA:84,6
DA:85,6
DA:86,6
DA:87,6
DA:88,6
DA:89,6
DA:90,6
DA:91,6
DA:92,6
DA:94,3
DA:95,3
DA:96,3
DA:97,3
DA:100,3
DA:101,3
DA:102,3
DA:103,3
DA:104,3
DA:105,3
DA:106,3
DA:109,3
DA:110,3
DA:114,3
DA:115,3
DA:116,3
DA:117,3
DA:119,3
DA:120,2
DA:121,2
DA:122,2
DA:124,2
DA:125,2
DA:126,2
DA:127,2
DA:129,3
DA:130,1
DA:131,1
DA:132,1
DA:133,1
DA:134,1
DA:136,3
DA:137,3
DA:138,3
DA:139,3
DA:141,3
DA:142,3
DA:143,3
DA:144,3
DA:146,3
DA:147,3
DA:148,3
DA:149,3
DA:150,3
DA:151,2
DA:152,3
DA:154,3
DA:155,3
DA:156,1
DA:157,1
DA:158,1
DA:160,1
DA:161,1
DA:162,2
DA:163,2
DA:164,2
DA:165,3
DA:166,3
DA:168,3
DA:169,4
DA:172,4
DA:173,4
DA:175,3
DA:176,3
DA:177,3
DA:178,3
DA:179,3
DA:180,3
DA:181,3
DA:183,3
DA:184,2
DA:185,2
DA:186,3
LF:122
LH:122
BRDA:44,0,0,21
BRDA:62,1,0,3
BRDA:65,2,0,3
BRDA:66,3,0,0
BRDA:72,4,0,6
BRDA:94,5,0,3
BRDA:102,6,0,3
BRDA:114,7,0,7
BRDA:119,8,0,2
BRDA:129,9,0,1
BRDA:136,10,0,3
BRDA:143,11,0,2
BRDA:146,12,0,3
BRDA:150,13,0,2
BRDA:150,14,0,1
BRDA:154,15,0,3
BRDA:155,16,0,1
BRDA:161,17,0,2
BRDA:165,18,0,2
BRDA:165,19,0,1
BRDA:168,20,0,4
BRDA:172,21,0,2
BRDA:172,22,0,2
BRDA:175,23,0,3
BRDA:183,24,0,2
BRF:25
BRH:24
end_of_record
